   Compiling proc-macro2 v1.0.106
   Compiling quote v1.0.45
   Compiling unicode-ident v1.0.24
   Compiling libc v0.2.183
    Checking cfg-if v1.0.4
    Checking stable_deref_trait v1.2.1
    Checking pin-project-lite v0.2.17
    Checking bytes v1.11.1
    Checking futures-core v0.3.32
    Checking itoa v1.0.18
   Compiling find-msvc-tools v0.1.9
   Compiling serde_core v1.0.228
    Checking once_cell v1.21.4
   Compiling shlex v1.3.0
    Checking smallvec v1.15.1
    Checking writeable v0.6.2
   Compiling serde v1.0.228
    Checking zeroize v1.8.2
   Compiling cc v1.2.57
    Checking equivalent v1.0.2
    Checking hashbrown v0.16.1
    Checking litemap v0.8.1
   Compiling icu_properties_data v2.1.2
   Compiling icu_normalizer_data v2.1.1
    Checking slab v0.4.12
    Checking http v1.4.0
    Checking percent-encoding v2.3.2
    Checking untrusted v0.9.0
    Checking tracing-core v0.1.36
   Compiling httparse v1.10.1
    Checking rustls-pki-types v1.14.0
    Checking futures-sink v0.3.32
   Compiling zerocopy v0.8.47
    Checking futures-task v0.3.32
   Compiling rustls v0.23.37
    Checking indexmap v2.13.0
    Checking fnv v1.0.7
    Checking atomic-waker v1.1.2
    Checking http-body v1.0.1
    Checking log v0.4.29
    Checking tower-service v0.3.3
   Compiling ring v0.17.14
    Checking subtle v2.6.1
    Checking tracing v0.1.44
    Checking getrandom v0.2.17
    Checking socket2 v0.6.3
    Checking mio v1.1.1
    Checking try-lock v0.2.5
    Checking webpki-roots v1.0.6
    Checking form_urlencoded v1.2.2
    Checking futures-channel v0.3.32
   Compiling crc32fast v1.5.0
   Compiling zmij v1.0.21
    Checking base64 v0.22.1
    Checking futures-util v0.3.32
    Checking utf8_iter v1.0.4
    Checking pin-utils v0.1.0
    Checking bitflags v2.11.0
    Checking want v0.3.1
    Checking rand_core v0.6.4
    Checking sync_wrapper v1.0.2
    Checking simd-adler32 v0.3.8
    Checking tower-layer v0.3.3
   Compiling thiserror v1.0.69
   Compiling rustix v1.1.4
   Compiling serde_json v1.0.149
    Checking toml_write v0.1.2
    Checking ipnet v2.12.0
   Compiling getrandom v0.4.2
    Checking winnow v0.7.15
    Checking adler2 v2.0.1
    Checking linux-raw-sys v0.12.1
    Checking ryu v1.0.23
    Checking memchr v2.8.0
    Checking iri-string v0.7.11
    Checking webpki-roots v0.26.11
    Checking miniz_oxide v0.8.9
    Checking http-body-util v0.1.3
    Checking encoding_rs v0.8.35
    Checking fastrand v2.3.0
    Checking mime v0.3.17
   Compiling syn v2.0.117
    Checking flate2 v1.1.9
    Checking ppv-lite86 v0.2.21
    Checking rand_chacha v0.3.1
    Checking rustls-webpki v0.103.10
    Checking tempfile v3.27.0
    Checking rand v0.8.5
   Compiling synstructure v0.13.2
   Compiling zerovec-derive v0.11.2
   Compiling displaydoc v0.2.5
   Compiling tokio-macros v2.6.1
   Compiling serde_derive v1.0.228
   Compiling thiserror-impl v1.0.69
   Compiling zerofrom-derive v0.1.6
   Compiling yoke-derive v0.8.1
    Checking tokio v1.50.0
    Checking zerofrom v0.1.6
    Checking yoke v0.8.1
    Checking zerovec v0.11.5
    Checking zerotrie v0.2.3
    Checking tokio-util v0.7.18
    Checking tokio-rustls v0.26.4
    Checking tower v0.5.3
    Checking tinystr v0.8.2
    Checking potential_utf v0.1.4
    Checking tower-http v0.6.8
    Checking h2 v0.4.13
    Checking icu_locale_core v2.1.1
    Checking icu_collections v2.1.1
    Checking icu_provider v2.1.1
    Checking hyper v1.8.1
    Checking icu_normalizer v2.1.1
    Checking icu_properties v2.1.2
    Checking hyper-util v0.1.20
    Checking idna_adapter v1.2.1
    Checking serde_spanned v0.6.9
    Checking toml_datetime v0.6.11
    Checking serde_urlencoded v0.7.1
    Checking idna v1.1.0
    Checking hyper-rustls v0.27.7
    Checking toml_edit v0.22.27
    Checking url v2.5.8
    Checking reqwest v0.12.28
    Checking ureq v2.12.1
    Checking toml v0.8.23
    Checking stealthreq v0.1.0 (/home/mukund-thiru/Santh/libs/stealthreq)
error: used `assert_eq!` with a literal bool
   --> src/policy.rs:177:9
    |
177 |         assert_eq!(applied.user_agent.to_lowercase().len() > 0, true);
    |         ^^^^^^^^^^^^^^^^^^^^^^^^^^^^^^^^^^^^^^^^^^^^^^^^^^^^^^^^^^^^^
    |
    = help: for further information visit https://rust-lang.github.io/rust-clippy/rust-1.93.0/index.html#bool_assert_comparison
    = note: `-D clippy::bool-assert-comparison` implied by `-D warnings`
    = help: to override `-D warnings` add `#[allow(clippy::bool_assert_comparison)]`
help: replace it with `assert!(..)`
    |
177 -         assert_eq!(applied.user_agent.to_lowercase().len() > 0, true);
177 +         assert!(applied.user_agent.to_lowercase().len() > 0);
    |

error: length comparison to zero
   --> src/policy.rs:177:20
    |
177 |         assert_eq!(applied.user_agent.to_lowercase().len() > 0, true);
    |                    ^^^^^^^^^^^^^^^^^^^^^^^^^^^^^^^^^^^^^^^^^^^ help: using `!is_empty` is clearer and more explicit: `!applied.user_agent.to_lowercase().is_empty()`
    |
    = help: for further information visit https://rust-lang.github.io/rust-clippy/rust-1.93.0/index.html#len_zero
    = note: `-D clippy::len-zero` implied by `-D warnings`
    = help: to override `-D warnings` add `#[allow(clippy::len_zero)]`

error: used `assert_eq!` with a literal bool
   --> src/policy.rs:186:9
    |
186 |         assert_eq!(applied.tls_profile.name.is_empty(), false);
    |         ^^^^^^^^^^^^^^^^^^^^^^^^^^^^^^^^^^^^^^^^^^^^^^^^^^^^^^
    |
    = help: for further information visit https://rust-lang.github.io/rust-clippy/rust-1.93.0/index.html#bool_assert_comparison
help: replace it with `assert!(..)`
    |
186 -         assert_eq!(applied.tls_profile.name.is_empty(), false);
186 +         assert!(!applied.tls_profile.name.is_empty());
    |

error: could not compile `stealthreq` (lib test) due to 3 previous errors
